step 1 : 13 1
step 2 : 12 10
step 3 : 8 10
step 4 : 1 12
step 5 : 9 1
step 6 : 2 7
step 7 : 5 4
step 8 : 8 1
step 9 : 0 6
step 10 : 7 1
step 11 : 11 8
step 12 : 12 9
step 13 : 2 5
step 14 : 2 13
step 15 : 7 10
step 16 : 14 12
step 17 : 12 3
step 18 : 1 7
step 19 : 9 3
step 20 : 6 14
step 21 : 14 7
step 22 : 8 14
step 23 : 5 0
step 24 : 1 5
step 25 : 11 3
step 26 : 1 1
step 27 : 0 0
step 28 : 11 5
step 29 : 1 9
step 30 : 13 2
step 31 : 9 0
step 32 : 12 0
step 33 : 14 14
step 34 : 3 5
step 35 : 7 3
step 36 : 6 8
step 37 : 8 9
step 38 : 3 11
step 39 : 14 4
step 40 : 4 7
step 41 : 1 6
step 42 : 9 14
step 43 : 0 10
step 44 : 14 13
step 45 : 2 6
step 46 : 2 2
step 47 : 12 12
step 48 : 7 11
step 49 : 11 1
step 50 : 0 14
step 51 : 4 14
step 52 : 10 9
step 53 : 6 7
step 54 : 12 11
step 55 : 6 5
step 56 : 9 7
step 57 : 12 1
step 58 : 2 3
step 59 : 1 8
step 60 : 13 6
step 61 : 2 14
step 62 : 3 14
step 63 : 0 3
step 64 : 13 5
step 65 : 11 6
step 66 : 14 8
step 67 : 13 10
step 68 : 9 4
step 69 : 2 11
step 70 : 3 6
step 71 : 2 10
step 72 : 5 2
step 73 : 0 13
step 74 : 8 8
step 75 : 3 9
step 76 : 11 4
step 77 : 13 13
step 78 : 11 10
step 79 : 4 13
step 80 : 3 3
step 81 : 9 12
step 82 : 14 3
step 83 : 0 8
step 84 : 5 14
step 85 : 7 5
step 86 : 4 0
step 87 : 14 1
step 88 : 9 2
step 89 : 12 14
step 90 : 7 12
step 91 : 0 4
step 92 : 8 11
step 93 : 10 7
step 94 : 0 1
step 95 : 1 0
step 96 : 0 11
step 97 : 4 6
step 98 : 12 5
step 99 : 12 8
step 100 : 9 10
step 101 : 6 10
step 102 : 13 14
step 103 : 10 3
step 104 : 4 11
step 105 : 13 3
