
a.out:     file format elf32-i386


Disassembly of section .init:

0804831c <_init>:
 804831c:	53                   	push   %ebx
 804831d:	83 ec 08             	sub    $0x8,%esp
 8048320:	e8 00 00 00 00       	call   8048325 <_init+0x9>
 8048325:	5b                   	pop    %ebx
 8048326:	81 c3 cf 1c 00 00    	add    $0x1ccf,%ebx
 804832c:	8b 83 fc ff ff ff    	mov    -0x4(%ebx),%eax
 8048332:	85 c0                	test   %eax,%eax
 8048334:	74 05                	je     804833b <_init+0x1f>
 8048336:	e8 45 00 00 00       	call   8048380 <__gmon_start__@plt>
 804833b:	e8 00 01 00 00       	call   8048440 <frame_dummy>
 8048340:	e8 0b 05 00 00       	call   8048850 <__do_global_ctors_aux>
 8048345:	83 c4 08             	add    $0x8,%esp
 8048348:	5b                   	pop    %ebx
 8048349:	c3                   	ret    

Disassembly of section .plt:

08048350 <printf@plt-0x10>:
 8048350:	ff 35 f8 9f 04 08    	pushl  0x8049ff8
 8048356:	ff 25 fc 9f 04 08    	jmp    *0x8049ffc
 804835c:	00 00                	add    %al,(%eax)
	...

08048360 <printf@plt>:
 8048360:	ff 25 00 a0 04 08    	jmp    *0x804a000
 8048366:	68 00 00 00 00       	push   $0x0
 804836b:	e9 e0 ff ff ff       	jmp    8048350 <_init+0x34>

08048370 <__stack_chk_fail@plt>:
 8048370:	ff 25 04 a0 04 08    	jmp    *0x804a004
 8048376:	68 08 00 00 00       	push   $0x8
 804837b:	e9 d0 ff ff ff       	jmp    8048350 <_init+0x34>

08048380 <__gmon_start__@plt>:
 8048380:	ff 25 08 a0 04 08    	jmp    *0x804a008
 8048386:	68 10 00 00 00       	push   $0x10
 804838b:	e9 c0 ff ff ff       	jmp    8048350 <_init+0x34>

08048390 <__libc_start_main@plt>:
 8048390:	ff 25 0c a0 04 08    	jmp    *0x804a00c
 8048396:	68 18 00 00 00       	push   $0x18
 804839b:	e9 b0 ff ff ff       	jmp    8048350 <_init+0x34>

080483a0 <putchar@plt>:
 80483a0:	ff 25 10 a0 04 08    	jmp    *0x804a010
 80483a6:	68 20 00 00 00       	push   $0x20
 80483ab:	e9 a0 ff ff ff       	jmp    8048350 <_init+0x34>

Disassembly of section .text:

080483b0 <_start>:
 80483b0:	31 ed                	xor    %ebp,%ebp
 80483b2:	5e                   	pop    %esi
 80483b3:	89 e1                	mov    %esp,%ecx
 80483b5:	83 e4 f0             	and    $0xfffffff0,%esp
 80483b8:	50                   	push   %eax
 80483b9:	54                   	push   %esp
 80483ba:	52                   	push   %edx
 80483bb:	68 40 88 04 08       	push   $0x8048840
 80483c0:	68 d0 87 04 08       	push   $0x80487d0
 80483c5:	51                   	push   %ecx
 80483c6:	56                   	push   %esi
 80483c7:	68 5d 87 04 08       	push   $0x804875d
 80483cc:	e8 bf ff ff ff       	call   8048390 <__libc_start_main@plt>
 80483d1:	f4                   	hlt    
 80483d2:	90                   	nop
 80483d3:	90                   	nop
 80483d4:	90                   	nop
 80483d5:	90                   	nop
 80483d6:	90                   	nop
 80483d7:	90                   	nop
 80483d8:	90                   	nop
 80483d9:	90                   	nop
 80483da:	90                   	nop
 80483db:	90                   	nop
 80483dc:	90                   	nop
 80483dd:	90                   	nop
 80483de:	90                   	nop
 80483df:	90                   	nop

080483e0 <__do_global_dtors_aux>:
 80483e0:	55                   	push   %ebp
 80483e1:	89 e5                	mov    %esp,%ebp
 80483e3:	53                   	push   %ebx
 80483e4:	83 ec 04             	sub    $0x4,%esp
 80483e7:	80 3d 20 a0 04 08 00 	cmpb   $0x0,0x804a020
 80483ee:	75 3f                	jne    804842f <__do_global_dtors_aux+0x4f>
 80483f0:	a1 24 a0 04 08       	mov    0x804a024,%eax
 80483f5:	bb 20 9f 04 08       	mov    $0x8049f20,%ebx
 80483fa:	81 eb 1c 9f 04 08    	sub    $0x8049f1c,%ebx
 8048400:	c1 fb 02             	sar    $0x2,%ebx
 8048403:	83 eb 01             	sub    $0x1,%ebx
 8048406:	39 d8                	cmp    %ebx,%eax
 8048408:	73 1e                	jae    8048428 <__do_global_dtors_aux+0x48>
 804840a:	8d b6 00 00 00 00    	lea    0x0(%esi),%esi
 8048410:	83 c0 01             	add    $0x1,%eax
 8048413:	a3 24 a0 04 08       	mov    %eax,0x804a024
 8048418:	ff 14 85 1c 9f 04 08 	call   *0x8049f1c(,%eax,4)
 804841f:	a1 24 a0 04 08       	mov    0x804a024,%eax
 8048424:	39 d8                	cmp    %ebx,%eax
 8048426:	72 e8                	jb     8048410 <__do_global_dtors_aux+0x30>
 8048428:	c6 05 20 a0 04 08 01 	movb   $0x1,0x804a020
 804842f:	83 c4 04             	add    $0x4,%esp
 8048432:	5b                   	pop    %ebx
 8048433:	5d                   	pop    %ebp
 8048434:	c3                   	ret    
 8048435:	8d 74 26 00          	lea    0x0(%esi,%eiz,1),%esi
 8048439:	8d bc 27 00 00 00 00 	lea    0x0(%edi,%eiz,1),%edi

08048440 <frame_dummy>:
 8048440:	55                   	push   %ebp
 8048441:	89 e5                	mov    %esp,%ebp
 8048443:	83 ec 18             	sub    $0x18,%esp
 8048446:	a1 24 9f 04 08       	mov    0x8049f24,%eax
 804844b:	85 c0                	test   %eax,%eax
 804844d:	74 12                	je     8048461 <frame_dummy+0x21>
 804844f:	b8 00 00 00 00       	mov    $0x0,%eax
 8048454:	85 c0                	test   %eax,%eax
 8048456:	74 09                	je     8048461 <frame_dummy+0x21>
 8048458:	c7 04 24 24 9f 04 08 	movl   $0x8049f24,(%esp)
 804845f:	ff d0                	call   *%eax
 8048461:	c9                   	leave  
 8048462:	c3                   	ret    
 8048463:	90                   	nop

08048464 <itoa>:
 8048464:	55                   	push   %ebp
 8048465:	89 e5                	mov    %esp,%ebp
 8048467:	83 ec 10             	sub    $0x10,%esp
 804846a:	c7 45 f8 a0 88 04 08 	movl   $0x80488a0,-0x8(%ebp)
 8048471:	c7 45 f0 00 00 00 00 	movl   $0x0,-0x10(%ebp)
 8048478:	c7 45 f4 00 00 00 00 	movl   $0x0,-0xc(%ebp)
 804847f:	8b 45 08             	mov    0x8(%ebp),%eax
 8048482:	89 c2                	mov    %eax,%edx
 8048484:	c1 fa 1f             	sar    $0x1f,%edx
 8048487:	f7 7d 10             	idivl  0x10(%ebp)
 804848a:	89 55 fc             	mov    %edx,-0x4(%ebp)
 804848d:	8b 45 f0             	mov    -0x10(%ebp),%eax
 8048490:	03 45 0c             	add    0xc(%ebp),%eax
 8048493:	8b 55 fc             	mov    -0x4(%ebp),%edx
 8048496:	03 55 f8             	add    -0x8(%ebp),%edx
 8048499:	0f b6 12             	movzbl (%edx),%edx
 804849c:	88 10                	mov    %dl,(%eax)
 804849e:	83 45 f0 01          	addl   $0x1,-0x10(%ebp)
 80484a2:	8b 45 08             	mov    0x8(%ebp),%eax
 80484a5:	89 c2                	mov    %eax,%edx
 80484a7:	c1 fa 1f             	sar    $0x1f,%edx
 80484aa:	f7 7d 10             	idivl  0x10(%ebp)
 80484ad:	89 45 08             	mov    %eax,0x8(%ebp)
 80484b0:	83 7d 08 00          	cmpl   $0x0,0x8(%ebp)
 80484b4:	75 c9                	jne    804847f <itoa+0x1b>
 80484b6:	8b 45 f0             	mov    -0x10(%ebp),%eax
 80484b9:	03 45 0c             	add    0xc(%ebp),%eax
 80484bc:	c6 00 00             	movb   $0x0,(%eax)
 80484bf:	c7 45 f4 00 00 00 00 	movl   $0x0,-0xc(%ebp)
 80484c6:	eb 70                	jmp    8048538 <itoa+0xd4>
 80484c8:	8b 45 f4             	mov    -0xc(%ebp),%eax
 80484cb:	03 45 0c             	add    0xc(%ebp),%eax
 80484ce:	8b 55 f4             	mov    -0xc(%ebp),%edx
 80484d1:	03 55 0c             	add    0xc(%ebp),%edx
 80484d4:	0f b6 0a             	movzbl (%edx),%ecx
 80484d7:	8b 55 f0             	mov    -0x10(%ebp),%edx
 80484da:	83 ea 01             	sub    $0x1,%edx
 80484dd:	2b 55 f4             	sub    -0xc(%ebp),%edx
 80484e0:	03 55 0c             	add    0xc(%ebp),%edx
 80484e3:	0f b6 12             	movzbl (%edx),%edx
 80484e6:	31 ca                	xor    %ecx,%edx
 80484e8:	88 10                	mov    %dl,(%eax)
 80484ea:	8b 45 f0             	mov    -0x10(%ebp),%eax
 80484ed:	83 e8 01             	sub    $0x1,%eax
 80484f0:	2b 45 f4             	sub    -0xc(%ebp),%eax
 80484f3:	03 45 0c             	add    0xc(%ebp),%eax
 80484f6:	8b 55 f4             	mov    -0xc(%ebp),%edx
 80484f9:	03 55 0c             	add    0xc(%ebp),%edx
 80484fc:	0f b6 0a             	movzbl (%edx),%ecx
 80484ff:	8b 55 f0             	mov    -0x10(%ebp),%edx
 8048502:	83 ea 01             	sub    $0x1,%edx
 8048505:	2b 55 f4             	sub    -0xc(%ebp),%edx
 8048508:	03 55 0c             	add    0xc(%ebp),%edx
 804850b:	0f b6 12             	movzbl (%edx),%edx
 804850e:	31 ca                	xor    %ecx,%edx
 8048510:	88 10                	mov    %dl,(%eax)
 8048512:	8b 45 f4             	mov    -0xc(%ebp),%eax
 8048515:	03 45 0c             	add    0xc(%ebp),%eax
 8048518:	8b 55 f4             	mov    -0xc(%ebp),%edx
 804851b:	03 55 0c             	add    0xc(%ebp),%edx
 804851e:	0f b6 0a             	movzbl (%edx),%ecx
 8048521:	8b 55 f0             	mov    -0x10(%ebp),%edx
 8048524:	83 ea 01             	sub    $0x1,%edx
 8048527:	2b 55 f4             	sub    -0xc(%ebp),%edx
 804852a:	03 55 0c             	add    0xc(%ebp),%edx
 804852d:	0f b6 12             	movzbl (%edx),%edx
 8048530:	31 ca                	xor    %ecx,%edx
 8048532:	88 10                	mov    %dl,(%eax)
 8048534:	83 45 f4 01          	addl   $0x1,-0xc(%ebp)
 8048538:	8b 45 f0             	mov    -0x10(%ebp),%eax
 804853b:	89 c2                	mov    %eax,%edx
 804853d:	c1 ea 1f             	shr    $0x1f,%edx
 8048540:	01 d0                	add    %edx,%eax
 8048542:	d1 f8                	sar    %eax
 8048544:	3b 45 f4             	cmp    -0xc(%ebp),%eax
 8048547:	0f 8f 7b ff ff ff    	jg     80484c8 <itoa+0x64>
 804854d:	c9                   	leave  
 804854e:	c3                   	ret    

0804854f <myputs>:
 804854f:	55                   	push   %ebp
 8048550:	89 e5                	mov    %esp,%ebp
 8048552:	83 ec 18             	sub    $0x18,%esp
 8048555:	eb 15                	jmp    804856c <myputs+0x1d>
 8048557:	8b 45 08             	mov    0x8(%ebp),%eax
 804855a:	0f b6 00             	movzbl (%eax),%eax
 804855d:	0f be c0             	movsbl %al,%eax
 8048560:	83 45 08 01          	addl   $0x1,0x8(%ebp)
 8048564:	89 04 24             	mov    %eax,(%esp)
 8048567:	e8 34 fe ff ff       	call   80483a0 <putchar@plt>
 804856c:	8b 45 08             	mov    0x8(%ebp),%eax
 804856f:	0f b6 00             	movzbl (%eax),%eax
 8048572:	84 c0                	test   %al,%al
 8048574:	75 e1                	jne    8048557 <myputs+0x8>
 8048576:	c9                   	leave  
 8048577:	c3                   	ret    

08048578 <myprintf>:
 8048578:	55                   	push   %ebp
 8048579:	89 e5                	mov    %esp,%ebp
 804857b:	83 ec 28             	sub    $0x28,%esp
 804857e:	8d 55 0c             	lea    0xc(%ebp),%edx
 8048581:	8d 45 ec             	lea    -0x14(%ebp),%eax
 8048584:	89 10                	mov    %edx,(%eax)
 8048586:	e9 cc 00 00 00       	jmp    8048657 <myprintf+0xdf>
 804858b:	80 7d f7 25          	cmpb   $0x25,-0x9(%ebp)
 804858f:	74 11                	je     80485a2 <myprintf+0x2a>
 8048591:	0f be 45 f7          	movsbl -0x9(%ebp),%eax
 8048595:	89 04 24             	mov    %eax,(%esp)
 8048598:	e8 03 fe ff ff       	call   80483a0 <putchar@plt>
 804859d:	e9 b5 00 00 00       	jmp    8048657 <myprintf+0xdf>
 80485a2:	8b 45 08             	mov    0x8(%ebp),%eax
 80485a5:	0f b6 00             	movzbl (%eax),%eax
 80485a8:	88 45 f7             	mov    %al,-0x9(%ebp)
 80485ab:	83 45 08 01          	addl   $0x1,0x8(%ebp)
 80485af:	80 7d f7 73          	cmpb   $0x73,-0x9(%ebp)
 80485b3:	75 13                	jne    80485c8 <myprintf+0x50>
 80485b5:	8b 45 ec             	mov    -0x14(%ebp),%eax
 80485b8:	8d 50 04             	lea    0x4(%eax),%edx
 80485bb:	89 55 ec             	mov    %edx,-0x14(%ebp)
 80485be:	8b 00                	mov    (%eax),%eax
 80485c0:	89 04 24             	mov    %eax,(%esp)
 80485c3:	e8 87 ff ff ff       	call   804854f <myputs>
 80485c8:	80 7d f7 63          	cmpb   $0x63,-0x9(%ebp)
 80485cc:	75 13                	jne    80485e1 <myprintf+0x69>
 80485ce:	8b 45 ec             	mov    -0x14(%ebp),%eax
 80485d1:	8d 50 04             	lea    0x4(%eax),%edx
 80485d4:	89 55 ec             	mov    %edx,-0x14(%ebp)
 80485d7:	8b 00                	mov    (%eax),%eax
 80485d9:	89 04 24             	mov    %eax,(%esp)
 80485dc:	e8 bf fd ff ff       	call   80483a0 <putchar@plt>
 80485e1:	80 7d f7 64          	cmpb   $0x64,-0x9(%ebp)
 80485e5:	75 35                	jne    804861c <myprintf+0xa4>
 80485e7:	8b 45 ec             	mov    -0x14(%ebp),%eax
 80485ea:	8d 50 04             	lea    0x4(%eax),%edx
 80485ed:	89 55 ec             	mov    %edx,-0x14(%ebp)
 80485f0:	8b 00                	mov    (%eax),%eax
 80485f2:	89 45 f0             	mov    %eax,-0x10(%ebp)
 80485f5:	c7 44 24 08 0a 00 00 	movl   $0xa,0x8(%esp)
 80485fc:	00 
 80485fd:	c7 44 24 04 40 a0 04 	movl   $0x804a040,0x4(%esp)
 8048604:	08 
 8048605:	8b 45 f0             	mov    -0x10(%ebp),%eax
 8048608:	89 04 24             	mov    %eax,(%esp)
 804860b:	e8 54 fe ff ff       	call   8048464 <itoa>
 8048610:	c7 04 24 40 a0 04 08 	movl   $0x804a040,(%esp)
 8048617:	e8 33 ff ff ff       	call   804854f <myputs>
 804861c:	80 7d f7 78          	cmpb   $0x78,-0x9(%ebp)
 8048620:	75 35                	jne    8048657 <myprintf+0xdf>
 8048622:	8b 45 ec             	mov    -0x14(%ebp),%eax
 8048625:	8d 50 04             	lea    0x4(%eax),%edx
 8048628:	89 55 ec             	mov    %edx,-0x14(%ebp)
 804862b:	8b 00                	mov    (%eax),%eax
 804862d:	89 45 f0             	mov    %eax,-0x10(%ebp)
 8048630:	c7 44 24 08 10 00 00 	movl   $0x10,0x8(%esp)
 8048637:	00 
 8048638:	c7 44 24 04 40 a0 04 	movl   $0x804a040,0x4(%esp)
 804863f:	08 
 8048640:	8b 45 f0             	mov    -0x10(%ebp),%eax
 8048643:	89 04 24             	mov    %eax,(%esp)
 8048646:	e8 19 fe ff ff       	call   8048464 <itoa>
 804864b:	c7 04 24 40 a0 04 08 	movl   $0x804a040,(%esp)
 8048652:	e8 f8 fe ff ff       	call   804854f <myputs>
 8048657:	8b 45 08             	mov    0x8(%ebp),%eax
 804865a:	0f b6 00             	movzbl (%eax),%eax
 804865d:	88 45 f7             	mov    %al,-0x9(%ebp)
 8048660:	80 7d f7 00          	cmpb   $0x0,-0x9(%ebp)
 8048664:	0f 95 c0             	setne  %al
 8048667:	83 45 08 01          	addl   $0x1,0x8(%ebp)
 804866b:	84 c0                	test   %al,%al
 804866d:	0f 85 18 ff ff ff    	jne    804858b <myprintf+0x13>
 8048673:	b8 00 00 00 00       	mov    $0x0,%eax
 8048678:	c9                   	leave  
 8048679:	c3                   	ret    

0804867a <test>:
 804867a:	55                   	push   %ebp
 804867b:	89 e5                	mov    %esp,%ebp
 804867d:	83 ec 48             	sub    $0x48,%esp
 8048680:	65 a1 14 00 00 00    	mov    %gs:0x14,%eax
 8048686:	89 45 f4             	mov    %eax,-0xc(%ebp)
 8048689:	31 c0                	xor    %eax,%eax
 804868b:	8d 55 08             	lea    0x8(%ebp),%edx
 804868e:	89 55 d0             	mov    %edx,-0x30(%ebp)
 8048691:	8b 45 d0             	mov    -0x30(%ebp),%eax
 8048694:	8b 10                	mov    (%eax),%edx
 8048696:	b8 b1 88 04 08       	mov    $0x80488b1,%eax
 804869b:	89 54 24 04          	mov    %edx,0x4(%esp)
 804869f:	89 04 24             	mov    %eax,(%esp)
 80486a2:	e8 b9 fc ff ff       	call   8048360 <printf@plt>
 80486a7:	83 45 d0 04          	addl   $0x4,-0x30(%ebp)
 80486ab:	8b 45 d0             	mov    -0x30(%ebp),%eax
 80486ae:	8b 10                	mov    (%eax),%edx
 80486b0:	b8 b1 88 04 08       	mov    $0x80488b1,%eax
 80486b5:	89 54 24 04          	mov    %edx,0x4(%esp)
 80486b9:	89 04 24             	mov    %eax,(%esp)
 80486bc:	e8 9f fc ff ff       	call   8048360 <printf@plt>
 80486c1:	83 45 d0 04          	addl   $0x4,-0x30(%ebp)
 80486c5:	8b 45 d0             	mov    -0x30(%ebp),%eax
 80486c8:	8b 10                	mov    (%eax),%edx
 80486ca:	b8 b1 88 04 08       	mov    $0x80488b1,%eax
 80486cf:	89 54 24 04          	mov    %edx,0x4(%esp)
 80486d3:	89 04 24             	mov    %eax,(%esp)
 80486d6:	e8 85 fc ff ff       	call   8048360 <printf@plt>
 80486db:	83 45 d0 04          	addl   $0x4,-0x30(%ebp)
 80486df:	8b 45 d0             	mov    -0x30(%ebp),%eax
 80486e2:	8b 10                	mov    (%eax),%edx
 80486e4:	b8 b1 88 04 08       	mov    $0x80488b1,%eax
 80486e9:	89 54 24 04          	mov    %edx,0x4(%esp)
 80486ed:	89 04 24             	mov    %eax,(%esp)
 80486f0:	e8 6b fc ff ff       	call   8048360 <printf@plt>
 80486f5:	b8 ba 88 04 08       	mov    $0x80488ba,%eax
 80486fa:	8d 55 08             	lea    0x8(%ebp),%edx
 80486fd:	89 54 24 04          	mov    %edx,0x4(%esp)
 8048701:	89 04 24             	mov    %eax,(%esp)
 8048704:	e8 57 fc ff ff       	call   8048360 <printf@plt>
 8048709:	b8 c3 88 04 08       	mov    $0x80488c3,%eax
 804870e:	8d 55 0c             	lea    0xc(%ebp),%edx
 8048711:	89 54 24 04          	mov    %edx,0x4(%esp)
 8048715:	89 04 24             	mov    %eax,(%esp)
 8048718:	e8 43 fc ff ff       	call   8048360 <printf@plt>
 804871d:	b8 cc 88 04 08       	mov    $0x80488cc,%eax
 8048722:	8d 55 10             	lea    0x10(%ebp),%edx
 8048725:	89 54 24 04          	mov    %edx,0x4(%esp)
 8048729:	89 04 24             	mov    %eax,(%esp)
 804872c:	e8 2f fc ff ff       	call   8048360 <printf@plt>
 8048731:	b8 d5 88 04 08       	mov    $0x80488d5,%eax
 8048736:	8d 55 14             	lea    0x14(%ebp),%edx
 8048739:	89 54 24 04          	mov    %edx,0x4(%esp)
 804873d:	89 04 24             	mov    %eax,(%esp)
 8048740:	e8 1b fc ff ff       	call   8048360 <printf@plt>
 8048745:	b8 00 00 00 00       	mov    $0x0,%eax
 804874a:	8b 55 f4             	mov    -0xc(%ebp),%edx
 804874d:	65 33 15 14 00 00 00 	xor    %gs:0x14,%edx
 8048754:	74 05                	je     804875b <test+0xe1>
 8048756:	e8 15 fc ff ff       	call   8048370 <__stack_chk_fail@plt>
 804875b:	c9                   	leave  
 804875c:	c3                   	ret    

0804875d <main>:
 804875d:	55                   	push   %ebp
 804875e:	89 e5                	mov    %esp,%ebp
 8048760:	83 e4 f0             	and    $0xfffffff0,%esp
 8048763:	83 ec 40             	sub    $0x40,%esp
 8048766:	65 a1 14 00 00 00    	mov    %gs:0x14,%eax
 804876c:	89 44 24 3c          	mov    %eax,0x3c(%esp)
 8048770:	31 c0                	xor    %eax,%eax
 8048772:	c7 44 24 08 c8 00 00 	movl   $0xc8,0x8(%esp)
 8048779:	00 
 804877a:	c7 44 24 04 64 00 00 	movl   $0x64,0x4(%esp)
 8048781:	00 
 8048782:	c7 04 24 de 88 04 08 	movl   $0x80488de,(%esp)
 8048789:	e8 ea fd ff ff       	call   8048578 <myprintf>
 804878e:	c7 44 24 08 f0 88 04 	movl   $0x80488f0,0x8(%esp)
 8048795:	08 
 8048796:	c7 44 24 04 41 00 00 	movl   $0x41,0x4(%esp)
 804879d:	00 
 804879e:	c7 04 24 fb 88 04 08 	movl   $0x80488fb,(%esp)
 80487a5:	e8 ce fd ff ff       	call   8048578 <myprintf>
 80487aa:	b8 00 00 00 00       	mov    $0x0,%eax
 80487af:	8b 54 24 3c          	mov    0x3c(%esp),%edx
 80487b3:	65 33 15 14 00 00 00 	xor    %gs:0x14,%edx
 80487ba:	74 05                	je     80487c1 <main+0x64>
 80487bc:	e8 af fb ff ff       	call   8048370 <__stack_chk_fail@plt>
 80487c1:	c9                   	leave  
 80487c2:	c3                   	ret    
 80487c3:	90                   	nop
 80487c4:	90                   	nop
 80487c5:	90                   	nop
 80487c6:	90                   	nop
 80487c7:	90                   	nop
 80487c8:	90                   	nop
 80487c9:	90                   	nop
 80487ca:	90                   	nop
 80487cb:	90                   	nop
 80487cc:	90                   	nop
 80487cd:	90                   	nop
 80487ce:	90                   	nop
 80487cf:	90                   	nop

080487d0 <__libc_csu_init>:
 80487d0:	55                   	push   %ebp
 80487d1:	57                   	push   %edi
 80487d2:	56                   	push   %esi
 80487d3:	53                   	push   %ebx
 80487d4:	e8 69 00 00 00       	call   8048842 <__i686.get_pc_thunk.bx>
 80487d9:	81 c3 1b 18 00 00    	add    $0x181b,%ebx
 80487df:	83 ec 1c             	sub    $0x1c,%esp
 80487e2:	8b 6c 24 30          	mov    0x30(%esp),%ebp
 80487e6:	8d bb 20 ff ff ff    	lea    -0xe0(%ebx),%edi
 80487ec:	e8 2b fb ff ff       	call   804831c <_init>
 80487f1:	8d 83 20 ff ff ff    	lea    -0xe0(%ebx),%eax
 80487f7:	29 c7                	sub    %eax,%edi
 80487f9:	c1 ff 02             	sar    $0x2,%edi
 80487fc:	85 ff                	test   %edi,%edi
 80487fe:	74 29                	je     8048829 <__libc_csu_init+0x59>
 8048800:	31 f6                	xor    %esi,%esi
 8048802:	8d b6 00 00 00 00    	lea    0x0(%esi),%esi
 8048808:	8b 44 24 38          	mov    0x38(%esp),%eax
 804880c:	89 2c 24             	mov    %ebp,(%esp)
 804880f:	89 44 24 08          	mov    %eax,0x8(%esp)
 8048813:	8b 44 24 34          	mov    0x34(%esp),%eax
 8048817:	89 44 24 04          	mov    %eax,0x4(%esp)
 804881b:	ff 94 b3 20 ff ff ff 	call   *-0xe0(%ebx,%esi,4)
 8048822:	83 c6 01             	add    $0x1,%esi
 8048825:	39 fe                	cmp    %edi,%esi
 8048827:	75 df                	jne    8048808 <__libc_csu_init+0x38>
 8048829:	83 c4 1c             	add    $0x1c,%esp
 804882c:	5b                   	pop    %ebx
 804882d:	5e                   	pop    %esi
 804882e:	5f                   	pop    %edi
 804882f:	5d                   	pop    %ebp
 8048830:	c3                   	ret    
 8048831:	eb 0d                	jmp    8048840 <__libc_csu_fini>
 8048833:	90                   	nop
 8048834:	90                   	nop
 8048835:	90                   	nop
 8048836:	90                   	nop
 8048837:	90                   	nop
 8048838:	90                   	nop
 8048839:	90                   	nop
 804883a:	90                   	nop
 804883b:	90                   	nop
 804883c:	90                   	nop
 804883d:	90                   	nop
 804883e:	90                   	nop
 804883f:	90                   	nop

08048840 <__libc_csu_fini>:
 8048840:	f3 c3                	repz ret 

08048842 <__i686.get_pc_thunk.bx>:
 8048842:	8b 1c 24             	mov    (%esp),%ebx
 8048845:	c3                   	ret    
 8048846:	90                   	nop
 8048847:	90                   	nop
 8048848:	90                   	nop
 8048849:	90                   	nop
 804884a:	90                   	nop
 804884b:	90                   	nop
 804884c:	90                   	nop
 804884d:	90                   	nop
 804884e:	90                   	nop
 804884f:	90                   	nop

08048850 <__do_global_ctors_aux>:
 8048850:	55                   	push   %ebp
 8048851:	89 e5                	mov    %esp,%ebp
 8048853:	53                   	push   %ebx
 8048854:	83 ec 04             	sub    $0x4,%esp
 8048857:	a1 14 9f 04 08       	mov    0x8049f14,%eax
 804885c:	83 f8 ff             	cmp    $0xffffffff,%eax
 804885f:	74 13                	je     8048874 <__do_global_ctors_aux+0x24>
 8048861:	bb 14 9f 04 08       	mov    $0x8049f14,%ebx
 8048866:	66 90                	xchg   %ax,%ax
 8048868:	83 eb 04             	sub    $0x4,%ebx
 804886b:	ff d0                	call   *%eax
 804886d:	8b 03                	mov    (%ebx),%eax
 804886f:	83 f8 ff             	cmp    $0xffffffff,%eax
 8048872:	75 f4                	jne    8048868 <__do_global_ctors_aux+0x18>
 8048874:	83 c4 04             	add    $0x4,%esp
 8048877:	5b                   	pop    %ebx
 8048878:	5d                   	pop    %ebp
 8048879:	c3                   	ret    
 804887a:	90                   	nop
 804887b:	90                   	nop

Disassembly of section .fini:

0804887c <_fini>:
 804887c:	53                   	push   %ebx
 804887d:	83 ec 08             	sub    $0x8,%esp
 8048880:	e8 00 00 00 00       	call   8048885 <_fini+0x9>
 8048885:	5b                   	pop    %ebx
 8048886:	81 c3 6f 17 00 00    	add    $0x176f,%ebx
 804888c:	e8 4f fb ff ff       	call   80483e0 <__do_global_dtors_aux>
 8048891:	83 c4 08             	add    $0x8,%esp
 8048894:	5b                   	pop    %ebx
 8048895:	c3                   	ret    
